app/build/intermediates/manifest_merge_blame_file/debug/manifest-merger-blame-debug-report.txt
1<?xml version="1.0" encoding="utf-8"?>
2<manifest xmlns:android="http://schemas.android.com/apk/res/android"
3    package="com.example.bluetoothtesting"
4    android:versionCode="1"
5    android:versionName="1.0" >
6
7    <uses-sdk
8        android:minSdkVersion="23"
8-->src\main\AndroidManifest.xml
9        android:targetSdkVersion="29" />
9-->src\main\AndroidManifest.xml
10
11    <!-- For Play-Store feature-based filtering -->
12    <!-- Required = "true" ==> mandatory -->
13    <!-- Required = "false" ==> optional -->
14    <uses-feature
14-->src\main\AndroidManifest.xml:8:5-10:35
15        android:name="android.hardware.bluetooth_le"
15-->src\main\AndroidManifest.xml:9:9-53
16        android:required="true" />
16-->src\main\AndroidManifest.xml:10:9-32
17
18    <uses-permission android:name="android.permission.BLUETOOTH" />
18-->src\main\AndroidManifest.xml:12:5-68
18-->src\main\AndroidManifest.xml:12:22-65
19    <uses-permission android:name="android.permission.BLUETOOTH_ADMIN" />
19-->src\main\AndroidManifest.xml:13:5-74
19-->src\main\AndroidManifest.xml:13:22-71
20    <uses-permission android:name="android.permission.BLUETOOTH_PRIVILEGED" />
20-->src\main\AndroidManifest.xml:14:5-78
20-->src\main\AndroidManifest.xml:14:22-76
21    <uses-permission android:name="android.permission.ACCESS_FINE_LOCATION" />
21-->src\main\AndroidManifest.xml:15:5-79
21-->src\main\AndroidManifest.xml:15:22-76
22    <uses-permission android:name="android.permission.ACCESS_COARSE_LOCATION" />
22-->src\main\AndroidManifest.xml:16:5-80
22-->src\main\AndroidManifest.xml:16:22-78
23    <uses-permission android:name="android.permission.WAKE_LOCK" />
23-->src\main\AndroidManifest.xml:17:5-68
23-->src\main\AndroidManifest.xml:17:22-65
24    <uses-permission android:name="android.permission.INTERNET" />
24-->src\main\AndroidManifest.xml:18:5-67
24-->src\main\AndroidManifest.xml:18:22-64
25    <uses-permission android:name="android.permission.ACCESS_NETWORK_STATE" />
25-->src\main\AndroidManifest.xml:19:5-79
25-->src\main\AndroidManifest.xml:19:22-76
26    <uses-permission android:name="android.permission.WRITE_EXTERNAL_STORAGE" />
26-->src\main\AndroidManifest.xml:21:5-81
26-->src\main\AndroidManifest.xml:21:22-78
27    <uses-permission android:name="android.permission.WRITE_INTERNAL_STORAGE" />
27-->src\main\AndroidManifest.xml:22:5-81
27-->src\main\AndroidManifest.xml:22:22-78
28
29    <!-- To enable AlertDialog from Background Service -->
30    <uses-permission android:name="android.permission.SYSTEM_ALERT_WINDOW" />
30-->src\main\AndroidManifest.xml:25:5-78
30-->src\main\AndroidManifest.xml:25:22-75
31
32    <!-- Wifi permissions are only needed if the app needs to turn off wifi to improve ble connections -->
33    <uses-permission android:name="android.permission.ACCESS_WIFI_STATE" />
33-->src\main\AndroidManifest.xml:29:5-76
33-->src\main\AndroidManifest.xml:29:22-73
34    <uses-permission android:name="android.permission.CHANGE_WIFI_STATE" />
34-->src\main\AndroidManifest.xml:30:5-76
34-->src\main\AndroidManifest.xml:30:22-73
35    <uses-permission android:name="android.permission.READ_EXTERNAL_STORAGE" />
36
37    <application
37-->src\main\AndroidManifest.xml:33:5-67:19
38        android:allowBackup="true"
38-->src\main\AndroidManifest.xml:34:9-35
39        android:appComponentFactory="androidx.core.app.CoreComponentFactory"
39-->[androidx.core:core:1.3.1] AndroidManifest.xml:24:18-86
40        android:debuggable="true"
41        android:extractNativeLibs="false"
42        android:icon="@mipmap/ic_launcher"
42-->src\main\AndroidManifest.xml:35:9-43
43        android:label="@string/app_name"
43-->src\main\AndroidManifest.xml:36:9-41
44        android:requestLegacyExternalStorage="true"
44-->src\main\AndroidManifest.xml:40:9-52
45        android:roundIcon="@mipmap/ic_launcher_round"
45-->src\main\AndroidManifest.xml:37:9-54
46        android:supportsRtl="true"
46-->src\main\AndroidManifest.xml:38:9-35
47        android:testOnly="true"
48        android:theme="@style/AppTheme" >
48-->src\main\AndroidManifest.xml:39:9-40
49        <service
49-->src\main\AndroidManifest.xml:42:9-93
50            android:name="com.caretakermedical.ble.BleService"
50-->src\main\AndroidManifest.xml:42:18-68
51            android:enabled="true" />
51-->src\main\AndroidManifest.xml:42:69-91
52
53        <activity android:name="com.example.bluetoothtesting.MainActivity" >
53-->src\main\AndroidManifest.xml:44:9-50:20
53-->src\main\AndroidManifest.xml:44:19-47
54            <intent-filter>
54-->src\main\AndroidManifest.xml:45:13-49:29
55                <action android:name="android.intent.action.MAIN" />
55-->src\main\AndroidManifest.xml:46:17-69
55-->src\main\AndroidManifest.xml:46:25-66
56
57                <category android:name="android.intent.category.LAUNCHER" />
57-->src\main\AndroidManifest.xml:48:17-77
57-->src\main\AndroidManifest.xml:48:27-74
58            </intent-filter>
59        </activity>
60
61        <service
61-->src\main\AndroidManifest.xml:53:9-58:19
62            android:name="com.example.bluetoothtesting.BloodPressureData"
62-->src\main\AndroidManifest.xml:54:13-46
63            android:description="@string/svc_desc"
63-->src\main\AndroidManifest.xml:57:13-51
64            android:enabled="true"
64-->src\main\AndroidManifest.xml:55:13-35
65            android:label="@string/svc_label" >
65-->src\main\AndroidManifest.xml:56:13-46
66        </service>
67        <service android:name="com.wearnotch.service.NotchAndroidService" />
67-->src\main\AndroidManifest.xml:60:9-77
67-->src\main\AndroidManifest.xml:60:18-74
68        <service
68-->src\main\AndroidManifest.xml:62:9-65:78
69            android:name="com.example.bluetoothtesting.NotchBackgroundService"
69-->src\main\AndroidManifest.xml:62:18-56
70            android:description="@string/notchBackgroundServiceDescription"
70-->src\main\AndroidManifest.xml:65:13-76
71            android:enabled="true"
71-->src\main\AndroidManifest.xml:63:13-35
72            android:label="@string/notchBackgroundServiceLabel" />
72-->src\main\AndroidManifest.xml:64:13-64
73    </application>
74
75</manifest>